2026-05-19 07:58:45,352 - Quant - INFO - Selecting DefaultOpInstanceConfigGenerator to compute the specialized config. hw_version:V73
2026-05-19 09:11:38,800 - Quant - INFO - Selecting DefaultOpInstanceConfigGenerator to compute the specialized config. hw_version:V73
ONNX inputs: ['input_ids', 'attention_mask', 'token_type_ids', 'position_ids']
Dataset columns: ['text']
Done. Exported to: /root/AIMET_ENV/tools/ruri/model
[Global]
  mean MSE   : 0.000826653589738833
  mean COS   : 0.999467911606003
Num quant ops: 292
   base.embeddings.LayerNorm.weight
   base.embeddings.LayerNorm.bias
   onnx::MatMul_639
   onnx::MatMul_646
   onnx::MatMul_647
   onnx::MatMul_649
   base.transformer.layer.0.sa_layer_norm.weight
   base.transformer.layer.0.sa_layer_norm.bias
   onnx::MatMul_650
   onnx::MatMul_651
   base.transformer.layer.0.output_layer_norm.weight
   base.transformer.layer.0.output_layer_norm.bias
   onnx::MatMul_652
   onnx::MatMul_659
   onnx::MatMul_660
   onnx::MatMul_662
   base.transformer.layer.1.sa_layer_norm.weight
   base.transformer.layer.1.sa_layer_norm.bias
   onnx::MatMul_663
   onnx::MatMul_664
[Analyze disable] base.embeddings.LayerNorm.weight
  mean_mse=0.00082403, mean_cos=0.99946951
[Analyze disable] base.embeddings.LayerNorm.bias
  mean_mse=0.00082559, mean_cos=0.99946851
[Analyze disable] onnx::MatMul_639
  mean_mse=0.00082379, mean_cos=0.99946966
[Analyze disable] onnx::MatMul_646
  mean_mse=0.00082478, mean_cos=0.99946903
[Analyze disable] onnx::MatMul_647
  mean_mse=0.00082431, mean_cos=0.99946933
[Analyze disable] onnx::MatMul_649
  mean_mse=0.00082452, mean_cos=0.99946920
[Analyze disable] base.transformer.layer.0.sa_layer_norm.weight
  mean_mse=0.00082388, mean_cos=0.99946961
[Analyze disable] base.transformer.layer.0.sa_layer_norm.bias
  mean_mse=0.00082559, mean_cos=0.99946851
[Analyze disable] onnx::MatMul_650
  mean_mse=0.00080898, mean_cos=0.99947920
[Analyze disable] onnx::MatMul_651
  mean_mse=0.00080148, mean_cos=0.99948404
[Analyze disable] base.transformer.layer.0.output_layer_norm.weight
  mean_mse=0.00082584, mean_cos=0.99946835
[Analyze disable] base.transformer.layer.0.output_layer_norm.bias
  mean_mse=0.00082559, mean_cos=0.99946851
[Analyze disable] onnx::MatMul_652
  mean_mse=0.00082620, mean_cos=0.99946811
[Analyze disable] onnx::MatMul_659
  mean_mse=0.00082366, mean_cos=0.99946975
[Analyze disable] onnx::MatMul_660
  mean_mse=0.00081315, mean_cos=0.99947651
[Analyze disable] onnx::MatMul_662
  mean_mse=0.00081770, mean_cos=0.99947359
[Analyze disable] base.transformer.layer.1.sa_layer_norm.weight
  mean_mse=0.00082248, mean_cos=0.99947051
[Analyze disable] base.transformer.layer.1.sa_layer_norm.bias
  mean_mse=0.00082559, mean_cos=0.99946851
[Analyze disable] onnx::MatMul_663
  mean_mse=0.00077454, mean_cos=0.99950136
[Analyze disable] onnx::MatMul_664
  mean_mse=0.00079779, mean_cos=0.99948641
[Analyze disable] base.transformer.layer.1.output_layer_norm.weight
  mean_mse=0.00082247, mean_cos=0.99947051
[Analyze disable] base.transformer.layer.1.output_layer_norm.bias
  mean_mse=0.00082559, mean_cos=0.99946851
[Analyze disable] onnx::MatMul_665
  mean_mse=0.00082119, mean_cos=0.99947134
[Analyze disable] onnx::MatMul_672
  mean_mse=0.00082242, mean_cos=0.99947055
[Analyze disable] onnx::MatMul_673
  mean_mse=0.00076202, mean_cos=0.99950943
[Analyze disable] onnx::MatMul_675
  mean_mse=0.00082097, mean_cos=0.99947149
[Analyze disable] base.transformer.layer.2.sa_layer_norm.weight
  mean_mse=0.00082540, mean_cos=0.99946862
[Analyze disable] base.transformer.layer.2.sa_layer_norm.bias
  mean_mse=0.00082559, mean_cos=0.99946851
[Analyze disable] onnx::MatMul_676
  mean_mse=0.00075767, mean_cos=0.99951223
[Analyze disable] onnx::MatMul_677
  mean_mse=0.00080597, mean_cos=0.99948113
[Analyze disable] base.transformer.layer.2.output_layer_norm.weight
  mean_mse=0.00082074, mean_cos=0.99947163
[Analyze disable] base.transformer.layer.2.output_layer_norm.bias
  mean_mse=0.00082559, mean_cos=0.99946851
[Analyze disable] onnx::MatMul_678
  mean_mse=0.00082333, mean_cos=0.99946996
[Analyze disable] onnx::MatMul_685
  mean_mse=0.00082028, mean_cos=0.99947193
[Analyze disable] onnx::MatMul_686
  mean_mse=0.00071350, mean_cos=0.99954067
[Analyze disable] onnx::MatMul_688
  mean_mse=0.00082012, mean_cos=0.99947203
[Analyze disable] base.transformer.layer.3.sa_layer_norm.weight
  mean_mse=0.00080738, mean_cos=0.99948024
[Analyze disable] base.transformer.layer.3.sa_layer_norm.bias
  mean_mse=0.00082559, mean_cos=0.99946851
[Analyze disable] onnx::MatMul_689
  mean_mse=0.00074372, mean_cos=0.99952122
[Analyze disable] onnx::MatMul_690
  mean_mse=0.00080810, mean_cos=0.99947977
[Analyze disable] base.transformer.layer.3.output_layer_norm.weight
  mean_mse=0.00083421, mean_cos=0.99946296
[Analyze disable] base.transformer.layer.3.output_layer_norm.bias
  mean_mse=0.00082559, mean_cos=0.99946851
[Analyze disable] onnx::MatMul_691
  mean_mse=0.00082351, mean_cos=0.99946984
[Analyze disable] onnx::MatMul_698
  mean_mse=0.00082704, mean_cos=0.99946757
[Analyze disable] onnx::MatMul_699
  mean_mse=0.00070194, mean_cos=0.99954810
[Analyze disable] onnx::MatMul_701
  mean_mse=0.00082556, mean_cos=0.99946853
[Analyze disable] base.transformer.layer.4.sa_layer_norm.weight
  mean_mse=0.00081784, mean_cos=0.99947349
[Analyze disable] base.transformer.layer.4.sa_layer_norm.bias
  mean_mse=0.00082559, mean_cos=0.99946851
[Analyze disable] onnx::MatMul_702
  mean_mse=0.00080092, mean_cos=0.99948436
[Analyze disable] onnx::MatMul_703
  mean_mse=0.00081804, mean_cos=0.99947337
[Analyze disable] base.transformer.layer.4.output_layer_norm.weight
  mean_mse=0.00081936, mean_cos=0.99947253
[Analyze disable] base.transformer.layer.4.output_layer_norm.bias
  mean_mse=0.00082559, mean_cos=0.99946851
[Analyze disable] onnx::MatMul_704
  mean_mse=0.00081716, mean_cos=0.99947393
[Analyze disable] onnx::MatMul_711
  mean_mse=0.00082034, mean_cos=0.99947189
[Analyze disable] onnx::MatMul_712
  mean_mse=0.00075240, mean_cos=0.99951566
[Analyze disable] onnx::MatMul_714
  mean_mse=0.00080276, mean_cos=0.99948321
[Analyze disable] base.transformer.layer.5.sa_layer_norm.weight
  mean_mse=0.00082338, mean_cos=0.99946991
[Analyze disable] base.transformer.layer.5.sa_layer_norm.bias
  mean_mse=0.00082559, mean_cos=0.99946851
[Analyze disable] onnx::MatMul_715
  mean_mse=0.00081083, mean_cos=0.99947799
[Analyze disable] onnx::MatMul_716
  mean_mse=0.00081071, mean_cos=0.99947810
[Analyze disable] base.transformer.layer.5.output_layer_norm.weight
  mean_mse=0.00082422, mean_cos=0.99946942
[Analyze disable] base.transformer.layer.5.output_layer_norm.bias
  mean_mse=0.00082559, mean_cos=0.99946851
[Analyze disable] base.embeddings.word_embeddings.weight
  mean_mse=0.00082530, mean_cos=0.99946869
[Analyze disable] base.embeddings.position_embeddings.weight
  mean_mse=0.00082519, mean_cos=0.99946877
[Analyze disable] /base/embeddings/Add_output_0
  mean_mse=0.00082523, mean_cos=0.99946874
[Analyze disable] /base/embeddings/LayerNorm/LayerNormalization_output_0
  mean_mse=0.00082519, mean_cos=0.99946877
[Analyze disable] /base/Constant_2_output_0
  mean_mse=0.00082559, mean_cos=0.99946851
[Analyze disable] /base/Constant_3_output_0
  mean_mse=0.00082559, mean_cos=0.99946851
[Analyze disable] /base/Where_output_0
  mean_mse=0.00082559, mean_cos=0.99946851
[Analyze disable] /base/transformer/layer.0/attention/q_lin/MatMul_output_0
  mean_mse=0.00082559, mean_cos=0.99946851
[Analyze disable] base.transformer.layer.0.attention.q_lin.bias
  mean_mse=0.00082559, mean_cos=0.99946851
[Analyze disable] /base/transformer/layer.0/attention/q_lin/Add_output_0
  mean_mse=0.00082514, mean_cos=0.99946880
[Analyze disable] /base/transformer/layer.0/attention/k_lin/MatMul_output_0
  mean_mse=0.00082559, mean_cos=0.99946851
[Analyze disable] base.transformer.layer.0.attention.k_lin.bias
  mean_mse=0.00082559, mean_cos=0.99946851
[Analyze disable] /base/transformer/layer.0/attention/k_lin/Add_output_0
  mean_mse=0.00082519, mean_cos=0.99946876
[Analyze disable] /base/transformer/layer.0/attention/v_lin/MatMul_output_0
  mean_mse=0.00082559, mean_cos=0.99946851
[Analyze disable] base.transformer.layer.0.attention.v_lin.bias
  mean_mse=0.00082559, mean_cos=0.99946851
[Analyze disable] /base/transformer/layer.0/attention/v_lin/Add_output_0
  mean_mse=0.00082511, mean_cos=0.99946882
[Analyze disable] /base/transformer/layer.0/attention/MatMul_output_0ONNX inputs: ['input_ids', 'attention_mask', 'token_type_ids', 'position_ids']
Dataset columns: ['text']
Done. Exported to: /root/AIMET_ENV/tools/ruri/model
[Global]
  mean MSE   : 0.000826653589738833
  mean COS   : 0.999467911606003
Num quant ops: 292
   base.embeddings.LayerNorm.weight
   base.embeddings.LayerNorm.bias
   onnx::MatMul_639
   onnx::MatMul_646
   onnx::MatMul_647
   onnx::MatMul_649
   base.transformer.layer.0.sa_layer_norm.weight
   base.transformer.layer.0.sa_layer_norm.bias
   onnx::MatMul_650
   onnx::MatMul_651
   base.transformer.layer.0.output_layer_norm.weight
   base.transformer.layer.0.output_layer_norm.bias
   onnx::MatMul_652
   onnx::MatMul_659
   onnx::MatMul_660
   onnx::MatMul_662
   base.transformer.layer.1.sa_layer_norm.weight
   base.transformer.layer.1.sa_layer_norm.bias
   onnx::MatMul_663
   onnx::MatMul_664
[Analyze disable] base.embeddings.LayerNorm.weight
  mean_mse=0.00082403, mean_cos=0.99946951
[Analyze disable] base.embeddings.LayerNorm.bias
  mean_mse=0.00082559, mean_cos=0.99946851
[Analyze disable] onnx::MatMul_639
  mean_mse=0.00082379, mean_cos=0.99946966
[Analyze disable] onnx::MatMul_646
  mean_mse=0.00082478, mean_cos=0.99946903
[Analyze disable] onnx::MatMul_647
  mean_mse=0.00082431, mean_cos=0.99946933
[Analyze disable] onnx::MatMul_649
  mean_mse=0.00082452, mean_cos=0.99946920
[Analyze disable] base.transformer.layer.0.sa_layer_norm.weight
  mean_mse=0.00082388, mean_cos=0.99946961
[Analyze disable] base.transformer.layer.0.sa_layer_norm.bias
  mean_mse=0.00082559, mean_cos=0.99946851
[Analyze disable] onnx::MatMul_650
  mean_mse=0.00080898, mean_cos=0.99947920
[Analyze disable] onnx::MatMul_651
  mean_mse=0.00080148, mean_cos=0.99948404
[Analyze disable] base.transformer.layer.0.output_layer_norm.weight
  mean_mse=0.00082584, mean_cos=0.99946835
[Analyze disable] base.transformer.layer.0.output_layer_norm.bias
  mean_mse=0.00082559, mean_cos=0.99946851
[Analyze disable] onnx::MatMul_652
  mean_mse=0.00082620, mean_cos=0.99946811
[Analyze disable] onnx::MatMul_659
  mean_mse=0.00082366, mean_cos=0.99946975
[Analyze disable] onnx::MatMul_660
  mean_mse=0.00081315, mean_cos=0.99947651
[Analyze disable] onnx::MatMul_662
  mean_mse=0.00081770, mean_cos=0.99947359
[Analyze disable] base.transformer.layer.1.sa_layer_norm.weight
  mean_mse=0.00082248, mean_cos=0.99947051
[Analyze disable] base.transformer.layer.1.sa_layer_norm.bias
  mean_mse=0.00082559, mean_cos=0.99946851
[Analyze disable] onnx::MatMul_663
  mean_mse=0.00077454, mean_cos=0.99950136
[Analyze disable] onnx::MatMul_664
  mean_mse=0.00079779, mean_cos=0.99948641
[Analyze disable] base.transformer.layer.1.output_layer_norm.weight
  mean_mse=0.00082247, mean_cos=0.99947051
[Analyze disable] base.transformer.layer.1.output_layer_norm.bias
  mean_mse=0.00082559, mean_cos=0.99946851
[Analyze disable] onnx::MatMul_665
  mean_mse=0.00082119, mean_cos=0.99947134
[Analyze disable] onnx::MatMul_672
  mean_mse=0.00082242, mean_cos=0.99947055
[Analyze disable] onnx::MatMul_673
  mean_mse=0.00076202, mean_cos=0.99950943
[Analyze disable] onnx::MatMul_675
  mean_mse=0.00082097, mean_cos=0.99947149
[Analyze disable] base.transformer.layer.2.sa_layer_norm.weight
  mean_mse=0.00082540, mean_cos=0.99946862
[Analyze disable] base.transformer.layer.2.sa_layer_norm.bias
  mean_mse=0.00082559, mean_cos=0.99946851
[Analyze disable] onnx::MatMul_676
  mean_mse=0.00075767, mean_cos=0.99951223
[Analyze disable] onnx::MatMul_677
  mean_mse=0.00080597, mean_cos=0.99948113
[Analyze disable] base.transformer.layer.2.output_layer_norm.weight
  mean_mse=0.00082074, mean_cos=0.99947163
[Analyze disable] base.transformer.layer.2.output_layer_norm.bias
  mean_mse=0.00082559, mean_cos=0.99946851
[Analyze disable] onnx::MatMul_678
  mean_mse=0.00082333, mean_cos=0.99946996
[Analyze disable] onnx::MatMul_685
  mean_mse=0.00082028, mean_cos=0.99947193
[Analyze disable] onnx::MatMul_686
  mean_mse=0.00071350, mean_cos=0.99954067
[Analyze disable] onnx::MatMul_688
  mean_mse=0.00082012, mean_cos=0.99947203
[Analyze disable] base.transformer.layer.3.sa_layer_norm.weight
  mean_mse=0.00080738, mean_cos=0.99948024
[Analyze disable] base.transformer.layer.3.sa_layer_norm.bias
  mean_mse=0.00082559, mean_cos=0.99946851
[Analyze disable] onnx::MatMul_689
  mean_mse=0.00074372, mean_cos=0.99952122
[Analyze disable] onnx::MatMul_690
  mean_mse=0.00080810, mean_cos=0.99947977
[Analyze disable] base.transformer.layer.3.output_layer_norm.weight
  mean_mse=0.00083421, mean_cos=0.99946296
[Analyze disable] base.transformer.layer.3.output_layer_norm.bias
  mean_mse=0.00082559, mean_cos=0.99946851
[Analyze disable] onnx::MatMul_691
  mean_mse=0.00082351, mean_cos=0.99946984
[Analyze disable] onnx::MatMul_698
  mean_mse=0.00082704, mean_cos=0.99946757
[Analyze disable] onnx::MatMul_699
  mean_mse=0.00070194, mean_cos=0.99954810
[Analyze disable] onnx::MatMul_701
  mean_mse=0.00082556, mean_cos=0.99946853
[Analyze disable] base.transformer.layer.4.sa_layer_norm.weight
  mean_mse=0.00081784, mean_cos=0.99947349
[Analyze disable] base.transformer.layer.4.sa_layer_norm.bias
  mean_mse=0.00082559, mean_cos=0.99946851
[Analyze disable] onnx::MatMul_702
  mean_mse=0.00080092, mean_cos=0.99948436
[Analyze disable] onnx::MatMul_703
  mean_mse=0.00081804, mean_cos=0.99947337
[Analyze disable] base.transformer.layer.4.output_layer_norm.weight
  mean_mse=0.00081936, mean_cos=0.99947253
[Analyze disable] base.transformer.layer.4.output_layer_norm.bias
  mean_mse=0.00082559, mean_cos=0.99946851
[Analyze disable] onnx::MatMul_704
  mean_mse=0.00081716, mean_cos=0.99947393
[Analyze disable] onnx::MatMul_711
  mean_mse=0.00082034, mean_cos=0.99947189
[Analyze disable] onnx::MatMul_712
  mean_mse=0.00075240, mean_cos=0.99951566
[Analyze disable] onnx::MatMul_714
  mean_mse=0.00080276, mean_cos=0.99948321
[Analyze disable] base.transformer.layer.5.sa_layer_norm.weight
  mean_mse=0.00082338, mean_cos=0.99946991
[Analyze disable] base.transformer.layer.5.sa_layer_norm.bias
  mean_mse=0.00082559, mean_cos=0.99946851
[Analyze disable] onnx::MatMul_715
  mean_mse=0.00081083, mean_cos=0.99947799
[Analyze disable] onnx::MatMul_716
  mean_mse=0.00081071, mean_cos=0.99947810
[Analyze disable] base.transformer.layer.5.output_layer_norm.weight
  mean_mse=0.00082422, mean_cos=0.99946942
[Analyze disable] base.transformer.layer.5.output_layer_norm.bias
  mean_mse=0.00082559, mean_cos=0.99946851
[Analyze disable] base.embeddings.word_embeddings.weight
  mean_mse=0.00082530, mean_cos=0.99946869
[Analyze disable] base.embeddings.position_embeddings.weight
  mean_mse=0.00082519, mean_cos=0.99946877
[Analyze disable] /base/embeddings/Add_output_0
  mean_mse=0.00082523, mean_cos=0.99946874
[Analyze disable] /base/embeddings/LayerNorm/LayerNormalization_output_0
  mean_mse=0.00082519, mean_cos=0.99946877
[Analyze disable] /base/Constant_2_output_0
  mean_mse=0.00082559, mean_cos=0.99946851
[Analyze disable] /base/Constant_3_output_0
  mean_mse=0.00082559, mean_cos=0.99946851
[Analyze disable] /base/Where_output_0
  mean_mse=0.00082559, mean_cos=0.99946851
[Analyze disable] /base/transformer/layer.0/attention/q_lin/MatMul_output_0
  mean_mse=0.00082559, mean_cos=0.99946851
[Analyze disable] base.transformer.layer.0.attention.q_lin.bias
  mean_mse=0.00082559, mean_cos=0.99946851
[Analyze disable] /base/transformer/layer.0/attention/q_lin/Add_output_0
  mean_mse=0.00082514, mean_cos=0.99946880
[Analyze disable] /base/transformer/layer.0/attention/k_lin/MatMul_output_0
  mean_mse=0.00082559, mean_cos=0.99946851
[Analyze disable] base.transformer.layer.0.attention.k_lin.bias
  mean_mse=0.00082559, mean_cos=0.99946851
[Analyze disable] /base/transformer/layer.0/attention/k_lin/Add_output_0
  mean_mse=0.00082519, mean_cos=0.99946876
[Analyze disable] /base/transformer/layer.0/attention/v_lin/MatMul_output_0
  mean_mse=0.00082559, mean_cos=0.99946851
[Analyze disable] base.transformer.layer.0.attention.v_lin.bias
  mean_mse=0.00082559, mean_cos=0.99946851
[Analyze disable] /base/transformer/layer.0/attention/v_lin/Add_output_0
  mean_mse=0.00082511, mean_cos=0.99946882
[Analyze disable] /base/transformer/layer.0/attention/MatMul_output_0
  mean_mse=0.00082554, mean_cos=0.99946854
[Analyze disable] /base/transformer/layer.0/attention/Constant_8_output_0
  mean_mse=0.00082544, mean_cos=0.99946860
[Analyze disable] /base/transformer/layer.0/attention/Mul_output_0
  mean_mse=0.00082559, mean_cos=0.99946851
[Analyze disable] /base/transformer/layer.0/attention/Add_output_0
  mean_mse=0.00082559, mean_cos=0.99946851
[Analyze disable] /base/transformer/layer.0/attention/Softmax_output_0
  mean_mse=0.00082495, mean_cos=0.99946892
[Analyze disable] /base/transformer/layer.0/attention/MatMul_1_output_0
  mean_mse=0.00082537, mean_cos=0.99946865
[Analyze disable] /base/transformer/layer.0/attention/out_lin/MatMul_output_0
  mean_mse=0.00082559, mean_cos=0.99946851
[Analyze disable] base.transformer.layer.0.attention.out_lin.bias
  mean_mse=0.00082559, mean_cos=0.99946851
[Analyze disable] /base/transformer/layer.0/attention/out_lin/Add_output_0
  mean_mse=0.00082518, mean_cos=0.99946877
[Analyze disable] /base/transformer/layer.0/Add_output_0
  mean_mse=0.00082518, mean_cos=0.99946877
[Analyze disable] /base/transformer/layer.0/sa_layer_norm/LayerNormalization_output_0
  mean_mse=0.00082525, mean_cos=0.99946873
[Analyze disable] /base/transformer/layer.0/ffn/lin1/MatMul_output_0
  mean_mse=0.00082559, mean_cos=0.99946851
[Analyze disable] base.transformer.layer.0.ffn.lin1.bias
  mean_mse=0.00082559, mean_cos=0.99946851
[Analyze disable] /base/transformer/layer.0/ffn/lin1/Add_output_0
  mean_mse=0.00082541, mean_cos=0.99946863
[Analyze disable] /base/transformer/layer.0/ffn/activation/Constant_output_0
  mean_mse=0.00082559, mean_cos=0.99946851
[Analyze disable] /base/transformer/layer.0/ffn/activation/Div_output_0
  mean_mse=0.00082557, mean_cos=0.99946852
[Analyze disable] /base/transformer/layer.0/ffn/activation/Erf_output_0
  mean_mse=0.00082533, mean_cos=0.99946867
[Analyze disable] /base/transformer/layer.0/ffn/activation/Constant_1_output_0
  mean_mse=0.00082559, mean_cos=0.99946851
[Analyze disable] /base/transformer/layer.0/ffn/activation/Add_output_0
  mean_mse=0.00082528, mean_cos=0.99946871
[Analyze disable] /base/transformer/layer.0/ffn/activation/Mul_output_0
  mean_mse=0.00082532, mean_cos=0.99946868
[Analyze disable] /base/transformer/layer.0/ffn/activation/Constant_2_output_0
  mean_mse=0.00082559, mean_cos=0.99946851
[Analyze disable] /base/transformer/layer.0/ffn/activation/Mul_1_output_0
  mean_mse=0.00082540, mean_cos=0.99946863
[Analyze disable] /base/transformer/layer.0/ffn/lin2/MatMul_output_0
  mean_mse=0.00082559, mean_cos=0.99946851
[Analyze disable] base.transformer.layer.0.ffn.lin2.bias
  mean_mse=0.00082559, mean_cos=0.99946851
[Analyze disable] /base/transformer/layer.0/ffn/lin2/Add_output_0
  mean_mse=0.00082509, mean_cos=0.99946883
[Analyze disable] /base/transformer/layer.0/Add_1_output_0
  mean_mse=0.00082508, mean_cos=0.99946884
[Analyze disable] /base/transformer/layer.0/output_layer_norm/LayerNormalization_output_0
  mean_mse=0.00082543, mean_cos=0.99946861
[Analyze disable] /base/transformer/layer.1/attention/q_lin/MatMul_output_0
  mean_mse=0.00082559, mean_cos=0.99946851
[Analyze disable] base.transformer.layer.1.attention.q_lin.bias
  mean_mse=0.00082559, mean_cos=0.99946851
[Analyze disable] /base/transformer/layer.1/attention/q_lin/Add_output_0
  mean_mse=0.00082536, mean_cos=0.99946865
[Analyze disable] /base/transformer/layer.1/attention/k_lin/MatMul_output_0
  mean_mse=0.00082559, mean_cos=0.99946851
[Analyze disable] base.transformer.layer.1.attention.k_lin.bias
  mean_mse=0.00082559, mean_cos=0.99946851
[Analyze disable] /base/transformer/layer.1/attention/k_lin/Add_output_0
  mean_mse=0.00082534, mean_cos=0.99946867
[Analyze disable] /base/transformer/layer.1/attention/v_lin/MatMul_output_0
  mean_mse=0.00082559, mean_cos=0.99946851
[Analyze disable] base.transformer.layer.1.attention.v_lin.bias
  mean_mse=0.00082559, mean_cos=0.99946851
[Analyze disable] /base/transformer/layer.1/attention/v_lin/Add_output_0
  mean_mse=0.00082503, mean_cos=0.99946887
[Analyze disable] /base/transformer/layer.1/attention/MatMul_output_0
  mean_mse=0.00082546, mean_cos=0.99946859
[Analyze disable] /base/transformer/layer.1/attention/Constant_8_output_0
  mean_mse=0.00082548, mean_cos=0.99946858
[Analyze disable] /base/transformer/layer.1/attention/Mul_output_0
  mean_mse=0.00082559, mean_cos=0.99946851
[Analyze disable] /base/transformer/layer.1/attention/Add_output_0
  mean_mse=0.00082559, mean_cos=0.99946851
[Analyze disable] /base/transformer/layer.1/attention/Softmax_output_0
  mean_mse=0.00082543, mean_cos=0.99946861
[Analyze disable] /base/transformer/layer.1/attention/MatMul_1_output_0
  mean_mse=0.00082533, mean_cos=0.99946867
[Analyze disable] /base/transformer/layer.1/attention/out_lin/MatMul_output_0
  mean_mse=0.00082559, mean_cos=0.99946851
[Analyze disable] base.transformer.layer.1.attention.out_lin.bias
  mean_mse=0.00082559, mean_cos=0.99946851
[Analyze disable] /base/transformer/layer.1/attention/out_lin/Add_output_0
  mean_mse=0.00082526, mean_cos=0.99946872
[Analyze disable] /base/transformer/layer.1/Add_output_0
  mean_mse=0.00082508, mean_cos=0.99946883
[Analyze disable] /base/transformer/layer.1/sa_layer_norm/LayerNormalization_output_0
  mean_mse=0.00082538, mean_cos=0.99946864
[Analyze disable] /base/transformer/layer.1/ffn/lin1/MatMul_output_0
  mean_mse=0.00082559, mean_cos=0.99946851
[Analyze disable] base.transformer.layer.1.ffn.lin1.bias
  mean_mse=0.00082559, mean_cos=0.99946851
[Analyze disable] /base/transformer/layer.1/ffn/lin1/Add_output_0
  mean_mse=0.00082529, mean_cos=0.99946870
[Analyze disable] /base/transformer/layer.1/ffn/activation/Constant_output_0
  mean_mse=0.00082559, mean_cos=0.99946851
[Analyze disable] /base/transformer/layer.1/ffn/activation/Div_output_0
  mean_mse=0.00082518, mean_cos=0.99946877
[Analyze disable] /base/transformer/layer.1/ffn/activation/Erf_output_0
  mean_mse=0.00082530, mean_cos=0.99946869
[Analyze disable] /base/transformer/layer.1/ffn/activation/Constant_1_output_0
  mean_mse=0.00082527, mean_cos=0.99946871
[Analyze disable] /base/transformer/layer.1/ffn/activation/Add_output_0
  mean_mse=0.00082511, mean_cos=0.99946882
[Analyze disable] /base/transformer/layer.1/ffn/activation/Mul_output_0
  mean_mse=0.00082538, mean_cos=0.99946864
[Analyze disable] /base/transformer/layer.1/ffn/activation/Constant_2_output_0
  mean_mse=0.00082559, mean_cos=0.99946851
[Analyze disable] /base/transformer/layer.1/ffn/activation/Mul_1_output_0
  mean_mse=0.00082543, mean_cos=0.99946861
[Analyze disable] /base/transformer/layer.1/ffn/lin2/MatMul_output_0
  mean_mse=0.00082559, mean_cos=0.99946851
[Analyze disable] base.transformer.layer.1.ffn.lin2.bias
  mean_mse=0.00082559, mean_cos=0.99946851
[Analyze disable] /base/transformer/layer.1/ffn/lin2/Add_output_0
  mean_mse=0.00082520, mean_cos=0.99946876
[Analyze disable] /base/transformer/layer.1/Add_1_output_0
  mean_mse=0.00082519, mean_cos=0.99946876
[Analyze disable] /base/transformer/layer.1/output_layer_norm/LayerNormalization_output_0
  mean_mse=0.00082625, mean_cos=0.99946808
[Analyze disable] /base/transformer/layer.2/attention/q_lin/MatMul_output_0
  mean_mse=0.00082559, mean_cos=0.99946851
[Analyze disable] base.transformer.layer.2.attention.q_lin.bias
  mean_mse=0.00082559, mean_cos=0.99946851
[Analyze disable] /base/transformer/layer.2/attention/q_lin/Add_output_0
  mean_mse=0.00082535, mean_cos=0.99946866
[Analyze disable] /base/transformer/layer.2/attention/k_lin/MatMul_output_0
  mean_mse=0.00082559, mean_cos=0.99946851
[Analyze disable] base.transformer.layer.2.attention.k_lin.bias
  mean_mse=0.00082559, mean_cos=0.99946851
[Analyze disable] /base/transformer/layer.2/attention/k_lin/Add_output_0
  mean_mse=0.00082557, mean_cos=0.99946852
[Analyze disable] /base/transformer/layer.2/attention/v_lin/MatMul_output_0
  mean_mse=0.00082559, mean_cos=0.99946851
[Analyze disable] base.transformer.layer.2.attention.v_lin.bias
  mean_mse=0.00082559, mean_cos=0.99946851
[Analyze disable] /base/transformer/layer.2/attention/v_lin/Add_output_0
  mean_mse=0.00082524, mean_cos=0.99946873
[Analyze disable] /base/transformer/layer.2/attention/MatMul_output_0
  mean_mse=0.00082554, mean_cos=0.99946854
[Analyze disable] /base/transformer/layer.0/attention/Constant_8_output_0
  mean_mse=0.00082544, mean_cos=0.99946860
[Analyze disable] /base/transformer/layer.0/attention/Mul_output_0
  mean_mse=0.00082559, mean_cos=0.99946851
[Analyze disable] /base/transformer/layer.0/attention/Add_output_0
  mean_mse=0.00082559, mean_cos=0.99946851
[Analyze disable] /base/transformer/layer.0/attention/Softmax_output_0
  mean_mse=0.00082495, mean_cos=0.99946892
[Analyze disable] /base/transformer/layer.0/attention/MatMul_1_output_0
  mean_mse=0.00082537, mean_cos=0.99946865
[Analyze disable] /base/transformer/layer.0/attention/out_lin/MatMul_output_0
  mean_mse=0.00082559, mean_cos=0.99946851
[Analyze disable] base.transformer.layer.0.attention.out_lin.bias
  mean_mse=0.00082559, mean_cos=0.99946851
[Analyze disable] /base/transformer/layer.0/attention/out_lin/Add_output_0
  mean_mse=0.00082518, mean_cos=0.99946877
[Analyze disable] /base/transformer/layer.0/Add_output_0
  mean_mse=0.00082518, mean_cos=0.99946877
[Analyze disable] /base/transformer/layer.0/sa_layer_norm/LayerNormalization_output_0
  mean_mse=0.00082525, mean_cos=0.99946873
[Analyze disable] /base/transformer/layer.0/ffn/lin1/MatMul_output_0
  mean_mse=0.00082559, mean_cos=0.99946851
[Analyze disable] base.transformer.layer.0.ffn.lin1.bias
  mean_mse=0.00082559, mean_cos=0.99946851
[Analyze disable] /base/transformer/layer.0/ffn/lin1/Add_output_0
  mean_mse=0.00082541, mean_cos=0.99946863
[Analyze disable] /base/transformer/layer.0/ffn/activation/Constant_output_0
  mean_mse=0.00082559, mean_cos=0.99946851
[Analyze disable] /base/transformer/layer.0/ffn/activation/Div_output_0
  mean_mse=0.00082557, mean_cos=0.99946852
[Analyze disable] /base/transformer/layer.0/ffn/activation/Erf_output_0
  mean_mse=0.00082533, mean_cos=0.99946867
[Analyze disable] /base/transformer/layer.0/ffn/activation/Constant_1_output_0
  mean_mse=0.00082559, mean_cos=0.99946851
[Analyze disable] /base/transformer/layer.0/ffn/activation/Add_output_0
  mean_mse=0.00082528, mean_cos=0.99946871
[Analyze disable] /base/transformer/layer.0/ffn/activation/Mul_output_0
  mean_mse=0.00082532, mean_cos=0.99946868
[Analyze disable] /base/transformer/layer.0/ffn/activation/Constant_2_output_0
  mean_mse=0.00082559, mean_cos=0.99946851
[Analyze disable] /base/transformer/layer.0/ffn/activation/Mul_1_output_0
  mean_mse=0.00082540, mean_cos=0.99946863
[Analyze disable] /base/transformer/layer.0/ffn/lin2/MatMul_output_0
  mean_mse=0.00082559, mean_cos=0.99946851
[Analyze disable] base.transformer.layer.0.ffn.lin2.bias
  mean_mse=0.00082559, mean_cos=0.99946851
[Analyze disable] /base/transformer/layer.0/ffn/lin2/Add_output_0
  mean_mse=0.00082509, mean_cos=0.99946883
[Analyze disable] /base/transformer/layer.0/Add_1_output_0
  mean_mse=0.00082508, mean_cos=0.99946884
[Analyze disable] /base/transformer/layer.0/output_layer_norm/LayerNormalization_output_0
  mean_mse=0.00082543, mean_cos=0.99946861
[Analyze disable] /base/transformer/layer.1/attention/q_lin/MatMul_output_0
  mean_mse=0.00082559, mean_cos=0.99946851
[Analyze disable] base.transformer.layer.1.attention.q_lin.bias
  mean_mse=0.00082559, mean_cos=0.99946851
[Analyze disable] /base/transformer/layer.1/attention/q_lin/Add_output_0
  mean_mse=0.00082536, mean_cos=0.99946865
[Analyze disable] /base/transformer/layer.1/attention/k_lin/MatMul_output_0
  mean_mse=0.00082559, mean_cos=0.99946851
[Analyze disable] base.transformer.layer.1.attention.k_lin.bias
  mean_mse=0.00082559, mean_cos=0.99946851
[Analyze disable] /base/transformer/layer.1/attention/k_lin/Add_output_0
  mean_mse=0.00082534, mean_cos=0.99946867
[Analyze disable] /base/transformer/layer.1/attention/v_lin/MatMul_output_0
  mean_mse=0.00082559, mean_cos=0.99946851
[Analyze disable] base.transformer.layer.1.attention.v_lin.bias
  mean_mse=0.00082559, mean_cos=0.99946851
[Analyze disable] /base/transformer/layer.1/attention/v_lin/Add_output_0
  mean_mse=0.00082503, mean_cos=0.99946887
[Analyze disable] /base/transformer/layer.1/attention/MatMul_output_0
  mean_mse=0.00082546, mean_cos=0.99946859
[Analyze disable] /base/transformer/layer.1/attention/Constant_8_output_0
  mean_mse=0.00082548, mean_cos=0.99946858
[Analyze disable] /base/transformer/layer.1/attention/Mul_output_0
  mean_mse=0.00082559, mean_cos=0.99946851
[Analyze disable] /base/transformer/layer.1/attention/Add_output_0
  mean_mse=0.00082559, mean_cos=0.99946851
[Analyze disable] /base/transformer/layer.1/attention/Softmax_output_0
  mean_mse=0.00082543, mean_cos=0.99946861
[Analyze disable] /base/transformer/layer.1/attention/MatMul_1_output_0
  mean_mse=0.00082533, mean_cos=0.99946867
[Analyze disable] /base/transformer/layer.1/attention/out_lin/MatMul_output_0
  mean_mse=0.00082559, mean_cos=0.99946851
[Analyze disable] base.transformer.layer.1.attention.out_lin.bias
  mean_mse=0.00082559, mean_cos=0.99946851
[Analyze disable] /base/transformer/layer.1/attention/out_lin/Add_output_0
  mean_mse=0.00082526, mean_cos=0.99946872
[Analyze disable] /base/transformer/layer.1/Add_output_0
  mean_mse=0.00082508, mean_cos=0.99946883
[Analyze disable] /base/transformer/layer.1/sa_layer_norm/LayerNormalization_output_0
  mean_mse=0.00082538, mean_cos=0.99946864
[Analyze disable] /base/transformer/layer.1/ffn/lin1/MatMul_output_0
  mean_mse=0.00082559, mean_cos=0.99946851
[Analyze disable] base.transformer.layer.1.ffn.lin1.bias
  mean_mse=0.00082559, mean_cos=0.99946851
[Analyze disable] /base/transformer/layer.1/ffn/lin1/Add_output_0
  mean_mse=0.00082529, mean_cos=0.99946870
[Analyze disable] /base/transformer/layer.1/ffn/activation/Constant_output_0
  mean_mse=0.00082559, mean_cos=0.99946851
[Analyze disable] /base/transformer/layer.1/ffn/activation/Div_output_0
  mean_mse=0.00082518, mean_cos=0.99946877
[Analyze disable] /base/transformer/layer.1/ffn/activation/Erf_output_0
  mean_mse=0.00082530, mean_cos=0.99946869
[Analyze disable] /base/transformer/layer.1/ffn/activation/Constant_1_output_0
  mean_mse=0.00082527, mean_cos=0.99946871
[Analyze disable] /base/transformer/layer.1/ffn/activation/Add_output_0
  mean_mse=0.00082511, mean_cos=0.99946882
[Analyze disable] /base/transformer/layer.1/ffn/activation/Mul_output_0
  mean_mse=0.00082538, mean_cos=0.99946864
[Analyze disable] /base/transformer/layer.1/ffn/activation/Constant_2_output_0
  mean_mse=0.00082559, mean_cos=0.99946851
[Analyze disable] /base/transformer/layer.1/ffn/activation/Mul_1_output_0
  mean_mse=0.00082543, mean_cos=0.99946861
[Analyze disable] /base/transformer/layer.1/ffn/lin2/MatMul_output_0
  mean_mse=0.00082559, mean_cos=0.99946851
[Analyze disable] base.transformer.layer.1.ffn.lin2.bias
  mean_mse=0.00082559, mean_cos=0.99946851
[Analyze disable] /base/transformer/layer.1/ffn/lin2/Add_output_0
  mean_mse=0.00082520, mean_cos=0.99946876
[Analyze disable] /base/transformer/layer.1/Add_1_output_0
  mean_mse=0.00082519, mean_cos=0.99946876
[Analyze disable] /base/transformer/layer.1/output_layer_norm/LayerNormalization_output_0
  mean_mse=0.00082625, mean_cos=0.99946808
[Analyze disable] /base/transformer/layer.2/attention/q_lin/MatMul_output_0
  mean_mse=0.00082559, mean_cos=0.99946851
[Analyze disable] base.transformer.layer.2.attention.q_lin.bias
  mean_mse=0.00082559, mean_cos=0.99946851
[Analyze disable] /base/transformer/layer.2/attention/q_lin/Add_output_0
  mean_mse=0.00082535, mean_cos=0.99946866
[Analyze disable] /base/transformer/layer.2/attention/k_lin/MatMul_output_0
  mean_mse=0.00082559, mean_cos=0.99946851
[Analyze disable] base.transformer.layer.2.attention.k_lin.bias
  mean_mse=0.00082559, mean_cos=0.99946851
[Analyze disable] /base/transformer/layer.2/attention/k_lin/Add_output_0
  mean_mse=0.00082557, mean_cos=0.99946852
[Analyze disable] /base/transformer/layer.2/attention/v_lin/MatMul_output_0
  mean_mse=0.00082559, mean_cos=0.99946851
[Analyze disable] base.transformer.layer.2.attention.v_lin.bias
  mean_mse=0.00082559, mean_cos=0.99946851
[Analyze disable] /base/transformer/layer.2/attention/v_lin/Add_output_0
  mean_mse=0.00082524, mean_cos=0.99946873
[Analyze disable] /base/transformer/layer.2/attention/MatMul_output_0
  mean_mse=0.00082527, mean_cos=0.99946872
[Analyze disable] /base/transformer/layer.2/attention/Constant_8_output_0
  mean_mse=0.00082602, mean_cos=0.99946823
[Analyze disable] /base/transformer/layer.2/attention/Mul_output_0
  mean_mse=0.00082559, mean_cos=0.99946851
[Analyze disable] /base/transformer/layer.2/attention/Add_output_0
  mean_mse=0.00082559, mean_cos=0.99946851
[Analyze disable] /base/transformer/layer.2/attention/Softmax_output_0
  mean_mse=0.00082508, mean_cos=0.99946884
[Analyze disable] /base/transformer/layer.2/attention/MatMul_1_output_0
  mean_mse=0.00082528, mean_cos=0.99946871
[Analyze disable] /base/transformer/layer.2/attention/out_lin/MatMul_output_0
  mean_mse=0.00082559, mean_cos=0.99946851
[Analyze disable] base.transformer.layer.2.attention.out_lin.bias
  mean_mse=0.00082559, mean_cos=0.99946851
[Analyze disable] /base/transformer/layer.2/attention/out_lin/Add_output_0
  mean_mse=0.00082531, mean_cos=0.99946869
[Analyze disable] /base/transformer/layer.2/Add_output_0
  mean_mse=0.00082534, mean_cos=0.99946867
[Analyze disable] /base/transformer/layer.2/sa_layer_norm/LayerNormalization_output_0
  mean_mse=0.00082542, mean_cos=0.99946862
[Analyze disable] /base/transformer/layer.2/ffn/lin1/MatMul_output_0
  mean_mse=0.00082559, mean_cos=0.99946851
[Analyze disable] base.transformer.layer.2.ffn.lin1.bias
  mean_mse=0.00082559, mean_cos=0.99946851
[Analyze disable] /base/transformer/layer.2/ffn/lin1/Add_output_0
  mean_mse=0.00082553, mean_cos=0.99946855
[Analyze disable] /base/transformer/layer.2/ffn/activation/Constant_output_0
  mean_mse=0.00082559, mean_cos=0.99946851
[Analyze disable] /base/transformer/layer.2/ffn/activation/Div_output_0
  mean_mse=0.00082555, mean_cos=0.99946853
[Analyze disable] /base/transformer/layer.2/ffn/activation/Erf_output_0
  mean_mse=0.00082557, mean_cos=0.99946852
[Analyze disable] /base/transformer/layer.2/ffn/activation/Constant_1_output_0
  mean_mse=0.00082549, mean_cos=0.99946857
[Analyze disable] /base/transformer/layer.2/ffn/activation/Add_output_0
  mean_mse=0.00082541, mean_cos=0.99946862
[Analyze disable] /base/transformer/layer.2/ffn/activation/Mul_output_0
  mean_mse=0.00082547, mean_cos=0.99946859
[Analyze disable] /base/transformer/layer.2/ffn/activation/Constant_2_output_0
  mean_mse=0.00082559, mean_cos=0.99946851
[Analyze disable] /base/transformer/layer.2/ffn/activation/Mul_1_output_0
  mean_mse=0.00082550, mean_cos=0.99946856
[Analyze disable] /base/transformer/layer.2/ffn/lin2/MatMul_output_0
  mean_mse=0.00082559, mean_cos=0.99946851
[Analyze disable] base.transformer.layer.2.ffn.lin2.bias
  mean_mse=0.00082559, mean_cos=0.99946851
[Analyze disable] /base/transformer/layer.2/ffn/lin2/Add_output_0
  mean_mse=0.00082559, mean_cos=0.99946851
[Analyze disable] /base/transformer/layer.2/Add_1_output_0
  mean_mse=0.00082544, mean_cos=0.99946861
[Analyze disable] /base/transformer/layer.2/output_layer_norm/LayerNormalization_output_0
  mean_mse=0.00082453, mean_cos=0.99946919
[Analyze disable] /base/transformer/layer.3/attention/q_lin/MatMul_output_0
  mean_mse=0.00082559, mean_cos=0.99946851
[Analyze disable] base.transformer.layer.3.attention.q_lin.bias
  mean_mse=0.00082559, mean_cos=0.99946851
[Analyze disable] /base/transformer/layer.3/attention/q_lin/Add_output_0
  mean_mse=0.00082555, mean_cos=0.99946853
[Analyze disable] /base/transformer/layer.3/attention/k_lin/MatMul_output_0
  mean_mse=0.00082559, mean_cos=0.99946851
[Analyze disable] base.transformer.layer.3.attention.k_lin.bias
  mean_mse=0.00082559, mean_cos=0.99946851
[Analyze disable] /base/transformer/layer.3/attention/k_lin/Add_output_0
  mean_mse=0.00082567, mean_cos=0.99946845
[Analyze disable] /base/transformer/layer.3/attention/v_lin/MatMul_output_0
  mean_mse=0.00082559, mean_cos=0.99946851
[Analyze disable] base.transformer.layer.3.attention.v_lin.bias
  mean_mse=0.00082559, mean_cos=0.99946851
[Analyze disable] /base/transformer/layer.3/attention/v_lin/Add_output_0
  mean_mse=0.00082544, mean_cos=0.99946860
[Analyze disable] /base/transformer/layer.3/attention/MatMul_output_0
  mean_mse=0.00082553, mean_cos=0.99946855
[Analyze disable] /base/transformer/layer.3/attention/Constant_8_output_0
  mean_mse=0.00082533, mean_cos=0.99946867
[Analyze disable] /base/transformer/layer.3/attention/Mul_output_0
  mean_mse=0.00082559, mean_cos=0.99946851
[Analyze disable] /base/transformer/layer.3/attention/Add_output_0
  mean_mse=0.00082559, mean_cos=0.99946851
[Analyze disable] /base/transformer/layer.3/attention/Softmax_output_0
  mean_mse=0.00082624, mean_cos=0.99946809
[Analyze disable] /base/transformer/layer.3/attention/MatMul_1_output_0
  mean_mse=0.00082564, mean_cos=0.99946848
[Analyze disable] /base/transformer/layer.3/attention/out_lin/MatMul_output_0
  mean_mse=0.00082559, mean_cos=0.99946851
[Analyze disable] base.transformer.layer.3.attention.out_lin.bias
  mean_mse=0.00082559, mean_cos=0.99946851
[Analyze disable] /base/transformer/layer.3/attention/out_lin/Add_output_0
  mean_mse=0.00082521, mean_cos=0.99946875
[Analyze disable] /base/transformer/layer.3/Add_output_0
  mean_mse=0.00082515, mean_cos=0.99946879
[Analyze disable] /base/transformer/layer.3/sa_layer_norm/LayerNormalization_output_0
  mean_mse=0.00082541, mean_cos=0.99946863
[Analyze disable] /base/transformer/layer.3/ffn/lin1/MatMul_output_0
  mean_mse=0.00082559, mean_cos=0.99946851
[Analyze disable] base.transformer.layer.3.ffn.lin1.bias
  mean_mse=0.00082559, mean_cos=0.99946851
[Analyze disable] /base/transformer/layer.3/ffn/lin1/Add_output_0
  mean_mse=0.00082554, mean_cos=0.99946854
[Analyze disable] /base/transformer/layer.3/ffn/activation/Constant_output_0
  mean_mse=0.00082559, mean_cos=0.99946851
[Analyze disable] /base/transformer/layer.3/ffn/activation/Div_output_0
  mean_mse=0.00082563, mean_cos=0.99946848
[Analyze disable] /base/transformer/layer.3/ffn/activation/Erf_output_0
  mean_mse=0.00082572, mean_cos=0.99946843
[Analyze disable] /base/transformer/layer.3/ffn/activation/Constant_1_output_0
  mean_mse=0.00082559, mean_cos=0.99946851
[Analyze disable] /base/transformer/layer.3/ffn/activation/Add_output_0
  mean_mse=0.00082562, mean_cos=0.99946849
[Analyze disable] /base/transformer/layer.3/ffn/activation/Mul_output_0
  mean_mse=0.00082557, mean_cos=0.99946852
[Analyze disable] /base/transformer/layer.3/ffn/activation/Constant_2_output_0
  mean_mse=0.00082559, mean_cos=0.99946851
[Analyze disable] /base/transformer/layer.3/ffn/activation/Mul_1_output_0
  mean_mse=0.00082560, mean_cos=0.99946850
[Analyze disable] /base/transformer/layer.3/ffn/lin2/MatMul_output_0
  mean_mse=0.00082559, mean_cos=0.99946851
[Analyze disable] base.transformer.layer.3.ffn.lin2.bias
  mean_mse=0.00082559, mean_cos=0.99946851
[Analyze disable] /base/transformer/layer.3/ffn/lin2/Add_output_0
  mean_mse=0.00082556, mean_cos=0.99946853
[Analyze disable] /base/transformer/layer.3/Add_1_output_0
  mean_mse=0.00082506, mean_cos=0.99946885
[Analyze disable] /base/transformer/layer.3/output_layer_norm/LayerNormalization_output_0
  mean_mse=0.00082561, mean_cos=0.99946850
[Analyze disable] /base/transformer/layer.4/attention/q_lin/MatMul_output_0
  mean_mse=0.00082559, mean_cos=0.99946851
[Analyze disable] base.transformer.layer.4.attention.q_lin.bias
  mean_mse=0.00082559, mean_cos=0.99946851
[Analyze disable] /base/transformer/layer.4/attention/q_lin/Add_output_0
  mean_mse=0.00082555, mean_cos=0.99946853
[Analyze disable] /base/transformer/layer.4/attention/k_lin/MatMul_output_0
  mean_mse=0.00082559, mean_cos=0.99946851
[Analyze disable] base.transformer.layer.4.attention.k_lin.bias
  mean_mse=0.00082559, mean_cos=0.99946851
[Analyze disable] /base/transformer/layer.4/attention/k_lin/Add_output_0
  mean_mse=0.00082559, mean_cos=0.99946851
[Analyze disable] /base/transformer/layer.4/attention/v_lin/MatMul_output_0
  mean_mse=0.00082559, mean_cos=0.99946851
[Analyze disable] base.transformer.layer.4.attention.v_lin.bias
  mean_mse=0.00082559, mean_cos=0.99946851
[Analyze disable] /base/transformer/layer.4/attention/v_lin/Add_output_0
  mean_mse=0.00082558, mean_cos=0.99946851
[Analyze disable] /base/transformer/layer.4/attention/MatMul_output_0
  mean_mse=0.00082527, mean_cos=0.99946872
[Analyze disable] /base/transformer/layer.2/attention/Constant_8_output_0
  mean_mse=0.00082602, mean_cos=0.99946823
[Analyze disable] /base/transformer/layer.2/attention/Mul_output_0
  mean_mse=0.00082559, mean_cos=0.99946851
[Analyze disable] /base/transformer/layer.2/attention/Add_output_0
  mean_mse=0.00082559, mean_cos=0.99946851
[Analyze disable] /base/transformer/layer.2/attention/Softmax_output_0
  mean_mse=0.00082508, mean_cos=0.99946884
[Analyze disable] /base/transformer/layer.2/attention/MatMul_1_output_0
  mean_mse=0.00082528, mean_cos=0.99946871
[Analyze disable] /base/transformer/layer.2/attention/out_lin/MatMul_output_0
  mean_mse=0.00082559, mean_cos=0.99946851
[Analyze disable] base.transformer.layer.2.attention.out_lin.bias
  mean_mse=0.00082559, mean_cos=0.99946851
[Analyze disable] /base/transformer/layer.2/attention/out_lin/Add_output_0
  mean_mse=0.00082531, mean_cos=0.99946869
[Analyze disable] /base/transformer/layer.2/Add_output_0
  mean_mse=0.00082534, mean_cos=0.99946867
[Analyze disable] /base/transformer/layer.2/sa_layer_norm/LayerNormalization_output_0
  mean_mse=0.00082542, mean_cos=0.99946862
[Analyze disable] /base/transformer/layer.2/ffn/lin1/MatMul_output_0
  mean_mse=0.00082559, mean_cos=0.99946851
[Analyze disable] base.transformer.layer.2.ffn.lin1.bias
  mean_mse=0.00082559, mean_cos=0.99946851
[Analyze disable] /base/transformer/layer.2/ffn/lin1/Add_output_0
  mean_mse=0.00082553, mean_cos=0.99946855
[Analyze disable] /base/transformer/layer.2/ffn/activation/Constant_output_0
  mean_mse=0.00082559, mean_cos=0.99946851
[Analyze disable] /base/transformer/layer.2/ffn/activation/Div_output_0
  mean_mse=0.00082555, mean_cos=0.99946853
[Analyze disable] /base/transformer/layer.2/ffn/activation/Erf_output_0
  mean_mse=0.00082557, mean_cos=0.99946852
[Analyze disable] /base/transformer/layer.2/ffn/activation/Constant_1_output_0
  mean_mse=0.00082549, mean_cos=0.99946857
[Analyze disable] /base/transformer/layer.2/ffn/activation/Add_output_0
  mean_mse=0.00082541, mean_cos=0.99946862
[Analyze disable] /base/transformer/layer.2/ffn/activation/Mul_output_0
  mean_mse=0.00082547, mean_cos=0.99946859
[Analyze disable] /base/transformer/layer.2/ffn/activation/Constant_2_output_0
  mean_mse=0.00082559, mean_cos=0.99946851
[Analyze disable] /base/transformer/layer.2/ffn/activation/Mul_1_output_0
  mean_mse=0.00082550, mean_cos=0.99946856
[Analyze disable] /base/transformer/layer.2/ffn/lin2/MatMul_output_0
  mean_mse=0.00082559, mean_cos=0.99946851
[Analyze disable] base.transformer.layer.2.ffn.lin2.bias
  mean_mse=0.00082559, mean_cos=0.99946851
[Analyze disable] /base/transformer/layer.2/ffn/lin2/Add_output_0
  mean_mse=0.00082559, mean_cos=0.99946851
[Analyze disable] /base/transformer/layer.2/Add_1_output_0
  mean_mse=0.00082544, mean_cos=0.99946861
[Analyze disable] /base/transformer/layer.2/output_layer_norm/LayerNormalization_output_0
  mean_mse=0.00082453, mean_cos=0.99946919
[Analyze disable] /base/transformer/layer.3/attention/q_lin/MatMul_output_0
  mean_mse=0.00082559, mean_cos=0.99946851
[Analyze disable] base.transformer.layer.3.attention.q_lin.bias
  mean_mse=0.00082559, mean_cos=0.99946851
[Analyze disable] /base/transformer/layer.3/attention/q_lin/Add_output_0
  mean_mse=0.00082555, mean_cos=0.99946853
[Analyze disable] /base/transformer/layer.3/attention/k_lin/MatMul_output_0
  mean_mse=0.00082559, mean_cos=0.99946851
[Analyze disable] base.transformer.layer.3.attention.k_lin.bias
  mean_mse=0.00082559, mean_cos=0.99946851
[Analyze disable] /base/transformer/layer.3/attention/k_lin/Add_output_0
  mean_mse=0.00082567, mean_cos=0.99946845
[Analyze disable] /base/transformer/layer.3/attention/v_lin/MatMul_output_0
  mean_mse=0.00082559, mean_cos=0.99946851
[Analyze disable] base.transformer.layer.3.attention.v_lin.bias
  mean_mse=0.00082559, mean_cos=0.99946851
[Analyze disable] /base/transformer/layer.3/attention/v_lin/Add_output_0
  mean_mse=0.00082544, mean_cos=0.99946860
[Analyze disable] /base/transformer/layer.3/attention/MatMul_output_0
  mean_mse=0.00082553, mean_cos=0.99946855
[Analyze disable] /base/transformer/layer.3/attention/Constant_8_output_0
  mean_mse=0.00082533, mean_cos=0.99946867
[Analyze disable] /base/transformer/layer.3/attention/Mul_output_0
  mean_mse=0.00082559, mean_cos=0.99946851
[Analyze disable] /base/transformer/layer.3/attention/Add_output_0
  mean_mse=0.00082559, mean_cos=0.99946851
[Analyze disable] /base/transformer/layer.3/attention/Softmax_output_0
  mean_mse=0.00082624, mean_cos=0.99946809
[Analyze disable] /base/transformer/layer.3/attention/MatMul_1_output_0
  mean_mse=0.00082564, mean_cos=0.99946848
[Analyze disable] /base/transformer/layer.3/attention/out_lin/MatMul_output_0
  mean_mse=0.00082559, mean_cos=0.99946851
[Analyze disable] base.transformer.layer.3.attention.out_lin.bias
  mean_mse=0.00082559, mean_cos=0.99946851
[Analyze disable] /base/transformer/layer.3/attention/out_lin/Add_output_0
  mean_mse=0.00082521, mean_cos=0.99946875
[Analyze disable] /base/transformer/layer.3/Add_output_0
  mean_mse=0.00082515, mean_cos=0.99946879
[Analyze disable] /base/transformer/layer.3/sa_layer_norm/LayerNormalization_output_0
  mean_mse=0.00082541, mean_cos=0.99946863
[Analyze disable] /base/transformer/layer.3/ffn/lin1/MatMul_output_0
  mean_mse=0.00082559, mean_cos=0.99946851
[Analyze disable] base.transformer.layer.3.ffn.lin1.bias
  mean_mse=0.00082559, mean_cos=0.99946851
[Analyze disable] /base/transformer/layer.3/ffn/lin1/Add_output_0
  mean_mse=0.00082554, mean_cos=0.99946854
[Analyze disable] /base/transformer/layer.3/ffn/activation/Constant_output_0
  mean_mse=0.00082559, mean_cos=0.99946851
[Analyze disable] /base/transformer/layer.3/ffn/activation/Div_output_0
  mean_mse=0.00082563, mean_cos=0.99946848
[Analyze disable] /base/transformer/layer.3/ffn/activation/Erf_output_0
  mean_mse=0.00082572, mean_cos=0.99946843
[Analyze disable] /base/transformer/layer.3/ffn/activation/Constant_1_output_0
  mean_mse=0.00082559, mean_cos=0.99946851
[Analyze disable] /base/transformer/layer.3/ffn/activation/Add_output_0
  mean_mse=0.00082562, mean_cos=0.99946849
[Analyze disable] /base/transformer/layer.3/ffn/activation/Mul_output_0
  mean_mse=0.00082557, mean_cos=0.99946852
[Analyze disable] /base/transformer/layer.3/ffn/activation/Constant_2_output_0
  mean_mse=0.00082559, mean_cos=0.99946851
[Analyze disable] /base/transformer/layer.3/ffn/activation/Mul_1_output_0
  mean_mse=0.00082560, mean_cos=0.99946850
[Analyze disable] /base/transformer/layer.3/ffn/lin2/MatMul_output_0
  mean_mse=0.00082559, mean_cos=0.99946851
[Analyze disable] base.transformer.layer.3.ffn.lin2.bias
  mean_mse=0.00082559, mean_cos=0.99946851
[Analyze disable] /base/transformer/layer.3/ffn/lin2/Add_output_0
  mean_mse=0.00082556, mean_cos=0.99946853
[Analyze disable] /base/transformer/layer.3/Add_1_output_0
  mean_mse=0.00082506, mean_cos=0.99946885
[Analyze disable] /base/transformer/layer.3/output_layer_norm/LayerNormalization_output_0
  mean_mse=0.00082561, mean_cos=0.99946850
[Analyze disable] /base/transformer/layer.4/attention/q_lin/MatMul_output_0
  mean_mse=0.00082559, mean_cos=0.99946851
[Analyze disable] base.transformer.layer.4.attention.q_lin.bias
  mean_mse=0.00082559, mean_cos=0.99946851
[Analyze disable] /base/transformer/layer.4/attention/q_lin/Add_output_0
  mean_mse=0.00082555, mean_cos=0.99946853
[Analyze disable] /base/transformer/layer.4/attention/k_lin/MatMul_output_0
  mean_mse=0.00082559, mean_cos=0.99946851
[Analyze disable] base.transformer.layer.4.attention.k_lin.bias
  mean_mse=0.00082559, mean_cos=0.99946851
[Analyze disable] /base/transformer/layer.4/attention/k_lin/Add_output_0
  mean_mse=0.00082559, mean_cos=0.99946851
[Analyze disable] /base/transformer/layer.4/attention/v_lin/MatMul_output_0
  mean_mse=0.00082559, mean_cos=0.99946851
[Analyze disable] base.transformer.layer.4.attention.v_lin.bias
  mean_mse=0.00082559, mean_cos=0.99946851
[Analyze disable] /base/transformer/layer.4/attention/v_lin/Add_output_0
  mean_mse=0.00082558, mean_cos=0.99946851
[Analyze disable] /base/transformer/layer.4/attention/MatMul_output_0
  mean_mse=0.00082559, mean_cos=0.99946851
[Analyze disable] /base/transformer/layer.4/attention/Constant_8_output_0
  mean_mse=0.00082552, mean_cos=0.99946855
[Analyze disable] /base/transformer/layer.4/attention/Mul_output_0
  mean_mse=0.00082559, mean_cos=0.99946851
[Analyze disable] /base/transformer/layer.4/attention/Add_output_0
  mean_mse=0.00082559, mean_cos=0.99946851
[Analyze disable] /base/transformer/layer.4/attention/Softmax_output_0
  mean_mse=0.00082593, mean_cos=0.99946829
[Analyze disable] /base/transformer/layer.4/attention/MatMul_1_output_0
  mean_mse=0.00082558, mean_cos=0.99946851
[Analyze disable] /base/transformer/layer.4/attention/out_lin/MatMul_output_0
  mean_mse=0.00082559, mean_cos=0.99946851
[Analyze disable] base.transformer.layer.4.attention.out_lin.bias
  mean_mse=0.00082559, mean_cos=0.99946851
[Analyze disable] /base/transformer/layer.4/attention/out_lin/Add_output_0
  mean_mse=0.00082558, mean_cos=0.99946851
[Analyze disable] /base/transformer/layer.4/Add_output_0
  mean_mse=0.00082551, mean_cos=0.99946856
[Analyze disable] /base/transformer/layer.4/sa_layer_norm/LayerNormalization_output_0
  mean_mse=0.00082561, mean_cos=0.99946849
[Analyze disable] /base/transformer/layer.4/ffn/lin1/MatMul_output_0
  mean_mse=0.00082559, mean_cos=0.99946851
[Analyze disable] base.transformer.layer.4.ffn.lin1.bias
  mean_mse=0.00082559, mean_cos=0.99946851
[Analyze disable] /base/transformer/layer.4/ffn/lin1/Add_output_0
  mean_mse=0.00082559, mean_cos=0.99946850
[Analyze disable] /base/transformer/layer.4/ffn/activation/Constant_output_0
  mean_mse=0.00082559, mean_cos=0.99946851
[Analyze disable] /base/transformer/layer.4/ffn/activation/Div_output_0
  mean_mse=0.00082561, mean_cos=0.99946849
[Analyze disable] /base/transformer/layer.4/ffn/activation/Erf_output_0
  mean_mse=0.00082560, mean_cos=0.99946850
[Analyze disable] /base/transformer/layer.4/ffn/activation/Constant_1_output_0
  mean_mse=0.00082559, mean_cos=0.99946851
[Analyze disable] /base/transformer/layer.4/ffn/activation/Add_output_0
  mean_mse=0.00082559, mean_cos=0.99946851
[Analyze disable] /base/transformer/layer.4/ffn/activation/Mul_output_0
  mean_mse=0.00082558, mean_cos=0.99946852
[Analyze disable] /base/transformer/layer.4/ffn/activation/Constant_2_output_0
  mean_mse=0.00082559, mean_cos=0.99946851
[Analyze disable] /base/transformer/layer.4/ffn/activation/Mul_1_output_0
  mean_mse=0.00082559, mean_cos=0.99946851
[Analyze disable] /base/transformer/layer.4/ffn/lin2/MatMul_output_0
  mean_mse=0.00082559, mean_cos=0.99946851
[Analyze disable] base.transformer.layer.4.ffn.lin2.bias
  mean_mse=0.00082559, mean_cos=0.99946851
[Analyze disable] /base/transformer/layer.4/ffn/lin2/Add_output_0
  mean_mse=0.00082560, mean_cos=0.99946850
[Analyze disable] /base/transformer/layer.4/Add_1_output_0
  mean_mse=0.00082554, mean_cos=0.99946854
[Analyze disable] /base/transformer/layer.4/output_layer_norm/LayerNormalization_output_0
  mean_mse=0.00082556, mean_cos=0.99946853
[Analyze disable] /base/transformer/layer.5/attention/q_lin/MatMul_output_0
  mean_mse=0.00082559, mean_cos=0.99946851
[Analyze disable] base.transformer.layer.5.attention.q_lin.bias
  mean_mse=0.00082559, mean_cos=0.99946851
[Analyze disable] /base/transformer/layer.5/attention/q_lin/Add_output_0
  mean_mse=0.00082559, mean_cos=0.99946851
[Analyze disable] /base/transformer/layer.5/attention/k_lin/MatMul_output_0
  mean_mse=0.00082559, mean_cos=0.99946851
[Analyze disable] base.transformer.layer.5.attention.k_lin.bias
  mean_mse=0.00082559, mean_cos=0.99946851
[Analyze disable] /base/transformer/layer.5/attention/k_lin/Add_output_0
  mean_mse=0.00082559, mean_cos=0.99946851
[Analyze disable] /base/transformer/layer.5/attention/v_lin/MatMul_output_0
  mean_mse=0.00082559, mean_cos=0.99946851
[Analyze disable] base.transformer.layer.5.attention.v_lin.bias
  mean_mse=0.00082559, mean_cos=0.99946851
[Analyze disable] /base/transformer/layer.5/attention/v_lin/Add_output_0
  mean_mse=0.00082559, mean_cos=0.99946850
[Analyze disable] /base/transformer/layer.5/attention/MatMul_output_0
  mean_mse=0.00082559, mean_cos=0.99946851
[Analyze disable] /base/transformer/layer.5/attention/Constant_8_output_0
  mean_mse=0.00082515, mean_cos=0.99946879
[Analyze disable] /base/transformer/layer.5/attention/Mul_output_0
  mean_mse=0.00082559, mean_cos=0.99946851
[Analyze disable] /base/transformer/layer.5/attention/Add_output_0
  mean_mse=0.00082559, mean_cos=0.99946851
[Analyze disable] /base/transformer/layer.5/attention/Softmax_output_0
  mean_mse=0.00082555, mean_cos=0.99946853
[Analyze disable] /base/transformer/layer.5/attention/MatMul_1_output_0
  mean_mse=0.00082559, mean_cos=0.99946851
[Analyze disable] /base/transformer/layer.5/attention/out_lin/MatMul_output_0
  mean_mse=0.00082559, mean_cos=0.99946851
[Analyze disable] base.transformer.layer.5.attention.out_lin.bias
  mean_mse=0.00082559, mean_cos=0.99946851
[Analyze disable] /base/transformer/layer.5/attention/out_lin/Add_output_0
  mean_mse=0.00082558, mean_cos=0.99946851
[Analyze disable] /base/transformer/layer.5/Add_output_0
  mean_mse=0.00082558, mean_cos=0.99946851
[Analyze disable] /base/transformer/layer.5/sa_layer_norm/LayerNormalization_output_0
  mean_mse=0.00082558, mean_cos=0.99946852
[Analyze disable] /base/transformer/layer.5/ffn/lin1/MatMul_output_0
  mean_mse=0.00082559, mean_cos=0.99946851
[Analyze disable] base.transformer.layer.5.ffn.lin1.bias
  mean_mse=0.00082559, mean_cos=0.99946851
[Analyze disable] /base/transformer/layer.5/ffn/lin1/Add_output_0
  mean_mse=0.00082560, mean_cos=0.99946850
[Analyze disable] /base/transformer/layer.5/ffn/activation/Constant_output_0
  mean_mse=0.00082559, mean_cos=0.99946851
[Analyze disable] /base/transformer/layer.5/ffn/activation/Div_output_0
  mean_mse=0.00082561, mean_cos=0.99946849
[Analyze disable] /base/transformer/layer.5/ffn/activation/Erf_output_0
  mean_mse=0.00082561, mean_cos=0.99946850
[Analyze disable] /base/transformer/layer.5/ffn/activation/Constant_1_output_0
  mean_mse=0.00082559, mean_cos=0.99946851
[Analyze disable] /base/transformer/layer.5/ffn/activation/Add_output_0
  mean_mse=0.00082561, mean_cos=0.99946849
[Analyze disable] /base/transformer/layer.5/ffn/activation/Mul_output_0
  mean_mse=0.00082559, mean_cos=0.99946850
[Analyze disable] /base/transformer/layer.5/ffn/activation/Constant_2_output_0
  mean_mse=0.00082559, mean_cos=0.99946851
[Analyze disable] /base/transformer/layer.5/ffn/activation/Mul_1_output_0
  mean_mse=0.00082559, mean_cos=0.99946851
[Analyze disable] /base/transformer/layer.5/ffn/lin2/MatMul_output_0
  mean_mse=0.00082559, mean_cos=0.99946851
[Analyze disable] base.transformer.layer.5.ffn.lin2.bias
  mean_mse=0.00082559, mean_cos=0.99946851
[Analyze disable] /base/transformer/layer.5/ffn/lin2/Add_output_0
  mean_mse=0.00082559, mean_cos=0.99946851
[Analyze disable] /base/transformer/layer.5/Add_1_output_0
  mean_mse=0.00082559, mean_cos=0.99946851
[Analyze disable] last_hidden_state
  mean_mse=0.00082558, mean_cos=0.99946851
[Analyze disable] mask_f
  mean_mse=0.00082559, mean_cos=0.99946851
[Analyze disable] masked_seq
  mean_mse=0.00082559, mean_cos=0.99946851
[Analyze disable] sum_seq
  mean_mse=0.00082559, mean_cos=0.99946851
[Analyze disable] sum_mask
  mean_mse=0.00082559, mean_cos=0.99946851
[Analyze disable] eps_f
  mean_mse=0.00082559, mean_cos=0.99946851
[Analyze disable] denom
  mean_mse=0.00082559, mean_cos=0.99946851
[Analyze disable] pooled_output
  mean_mse=0.00082559, mean_cos=0.99946851
Saved: ./layerwise_sensitivity_results/disable_analysis.csv

[Top sensitive ops by disable-analysis]
onnx::MatMul_699                                                                 MSE=0.00070194 COS=0.99954810
onnx::MatMul_686                                                                 MSE=0.00071350 COS=0.99954067
onnx::MatMul_689                                                                 MSE=0.00074372 COS=0.99952122
onnx::MatMul_712                                                                 MSE=0.00075240 COS=0.99951566
onnx::MatMul_676                                                                 MSE=0.00075767 COS=0.99951223
onnx::MatMul_673                                                                 MSE=0.00076202 COS=0.99950943
onnx::MatMul_663                                                                 MSE=0.00077454 COS=0.99950136
onnx::MatMul_664                                                                 MSE=0.00079779 COS=0.99948641
onnx::MatMul_702                                                                 MSE=0.00080092 COS=0.99948436
onnx::MatMul_651                                                                 MSE=0.00080148 COS=0.99948404
onnx::MatMul_714                                                                 MSE=0.00080276 COS=0.99948321
onnx::MatMul_677                                                                 MSE=0.00080597 COS=0.99948113
base.transformer.layer.3.sa_layer_norm.weight                                    MSE=0.00080738 COS=0.99948024
onnx::MatMul_690                                                                 MSE=0.00080810 COS=0.99947977
onnx::MatMul_650                                                                 MSE=0.00080898 COS=0.99947920
onnx::MatMul_716                                                                 MSE=0.00081071 COS=0.99947810
onnx::MatMul_715                                                                 MSE=0.00081083 COS=0.99947799
onnx::MatMul_660                                                                 MSE=0.00081315 COS=0.99947651
onnx::MatMul_704                                                                 MSE=0.00081716 COS=0.99947393
onnx::MatMul_662                                                                 MSE=0.00081770 COS=0.99947359
base.transformer.layer.4.sa_layer_norm.weight                                    MSE=0.00081784 COS=0.99947349
onnx::MatMul_703                                                                 MSE=0.00081804 COS=0.99947337
base.transformer.layer.4.output_layer_norm.weight                                MSE=0.00081936 COS=0.99947253
onnx::MatMul_688                                                                 MSE=0.00082012 COS=0.99947203
onnx::MatMul_685                                                                 MSE=0.00082028 COS=0.99947193
onnx::MatMul_711                                                                 MSE=0.00082034 COS=0.99947189
base.transformer.layer.2.output_layer_norm.weight                                MSE=0.00082074 COS=0.99947163
onnx::MatMul_675                                                                 MSE=0.00082097 COS=0.99947149
onnx::MatMul_665                                                                 MSE=0.00082119 COS=0.99947134
onnx::MatMul_672                                                                 MSE=0.00082242 COS=0.99947055
Exception ignored in: <function OrtInferenceSession.__del__ at 0x7fe7ea9d0400>
Traceback (most recent call last):
  File "/root/AIMET_ENV/.venv/lib/python3.11/site-packages/aimet_onnx/utils.py", line 636, in __del__
AttributeError: 'NoneType' object has no attribute 'warning'

  mean_mse=0.00082559, mean_cos=0.99946851
[Analyze disable] /base/transformer/layer.4/attention/Constant_8_output_0
  mean_mse=0.00082552, mean_cos=0.99946855
[Analyze disable] /base/transformer/layer.4/attention/Mul_output_0
  mean_mse=0.00082559, mean_cos=0.99946851
[Analyze disable] /base/transformer/layer.4/attention/Add_output_0
  mean_mse=0.00082559, mean_cos=0.99946851
[Analyze disable] /base/transformer/layer.4/attention/Softmax_output_0
  mean_mse=0.00082593, mean_cos=0.99946829
[Analyze disable] /base/transformer/layer.4/attention/MatMul_1_output_0
  mean_mse=0.00082558, mean_cos=0.99946851
[Analyze disable] /base/transformer/layer.4/attention/out_lin/MatMul_output_0
  mean_mse=0.00082559, mean_cos=0.99946851
[Analyze disable] base.transformer.layer.4.attention.out_lin.bias
  mean_mse=0.00082559, mean_cos=0.99946851
[Analyze disable] /base/transformer/layer.4/attention/out_lin/Add_output_0
  mean_mse=0.00082558, mean_cos=0.99946851
[Analyze disable] /base/transformer/layer.4/Add_output_0
  mean_mse=0.00082551, mean_cos=0.99946856
[Analyze disable] /base/transformer/layer.4/sa_layer_norm/LayerNormalization_output_0
  mean_mse=0.00082561, mean_cos=0.99946849
[Analyze disable] /base/transformer/layer.4/ffn/lin1/MatMul_output_0
  mean_mse=0.00082559, mean_cos=0.99946851
[Analyze disable] base.transformer.layer.4.ffn.lin1.bias
  mean_mse=0.00082559, mean_cos=0.99946851
[Analyze disable] /base/transformer/layer.4/ffn/lin1/Add_output_0
  mean_mse=0.00082559, mean_cos=0.99946850
[Analyze disable] /base/transformer/layer.4/ffn/activation/Constant_output_0
  mean_mse=0.00082559, mean_cos=0.99946851
[Analyze disable] /base/transformer/layer.4/ffn/activation/Div_output_0
  mean_mse=0.00082561, mean_cos=0.99946849
[Analyze disable] /base/transformer/layer.4/ffn/activation/Erf_output_0
  mean_mse=0.00082560, mean_cos=0.99946850
[Analyze disable] /base/transformer/layer.4/ffn/activation/Constant_1_output_0
  mean_mse=0.00082559, mean_cos=0.99946851
[Analyze disable] /base/transformer/layer.4/ffn/activation/Add_output_0
  mean_mse=0.00082559, mean_cos=0.99946851
[Analyze disable] /base/transformer/layer.4/ffn/activation/Mul_output_0
  mean_mse=0.00082558, mean_cos=0.99946852
[Analyze disable] /base/transformer/layer.4/ffn/activation/Constant_2_output_0
  mean_mse=0.00082559, mean_cos=0.99946851
[Analyze disable] /base/transformer/layer.4/ffn/activation/Mul_1_output_0
  mean_mse=0.00082559, mean_cos=0.99946851
[Analyze disable] /base/transformer/layer.4/ffn/lin2/MatMul_output_0
  mean_mse=0.00082559, mean_cos=0.99946851
[Analyze disable] base.transformer.layer.4.ffn.lin2.bias
  mean_mse=0.00082559, mean_cos=0.99946851
[Analyze disable] /base/transformer/layer.4/ffn/lin2/Add_output_0
  mean_mse=0.00082560, mean_cos=0.99946850
[Analyze disable] /base/transformer/layer.4/Add_1_output_0
  mean_mse=0.00082554, mean_cos=0.99946854
[Analyze disable] /base/transformer/layer.4/output_layer_norm/LayerNormalization_output_0
  mean_mse=0.00082556, mean_cos=0.99946853
[Analyze disable] /base/transformer/layer.5/attention/q_lin/MatMul_output_0
  mean_mse=0.00082559, mean_cos=0.99946851
[Analyze disable] base.transformer.layer.5.attention.q_lin.bias
  mean_mse=0.00082559, mean_cos=0.99946851
[Analyze disable] /base/transformer/layer.5/attention/q_lin/Add_output_0
  mean_mse=0.00082559, mean_cos=0.99946851
[Analyze disable] /base/transformer/layer.5/attention/k_lin/MatMul_output_0
  mean_mse=0.00082559, mean_cos=0.99946851
[Analyze disable] base.transformer.layer.5.attention.k_lin.bias
  mean_mse=0.00082559, mean_cos=0.99946851
[Analyze disable] /base/transformer/layer.5/attention/k_lin/Add_output_0
  mean_mse=0.00082559, mean_cos=0.99946851
[Analyze disable] /base/transformer/layer.5/attention/v_lin/MatMul_output_0
  mean_mse=0.00082559, mean_cos=0.99946851
[Analyze disable] base.transformer.layer.5.attention.v_lin.bias
  mean_mse=0.00082559, mean_cos=0.99946851
[Analyze disable] /base/transformer/layer.5/attention/v_lin/Add_output_0
  mean_mse=0.00082559, mean_cos=0.99946850
[Analyze disable] /base/transformer/layer.5/attention/MatMul_output_0
  mean_mse=0.00082559, mean_cos=0.99946851
[Analyze disable] /base/transformer/layer.5/attention/Constant_8_output_0
  mean_mse=0.00082515, mean_cos=0.99946879
[Analyze disable] /base/transformer/layer.5/attention/Mul_output_0
  mean_mse=0.00082559, mean_cos=0.99946851
[Analyze disable] /base/transformer/layer.5/attention/Add_output_0
  mean_mse=0.00082559, mean_cos=0.99946851
[Analyze disable] /base/transformer/layer.5/attention/Softmax_output_0
  mean_mse=0.00082555, mean_cos=0.99946853
[Analyze disable] /base/transformer/layer.5/attention/MatMul_1_output_0
  mean_mse=0.00082559, mean_cos=0.99946851
[Analyze disable] /base/transformer/layer.5/attention/out_lin/MatMul_output_0
  mean_mse=0.00082559, mean_cos=0.99946851
[Analyze disable] base.transformer.layer.5.attention.out_lin.bias
  mean_mse=0.00082559, mean_cos=0.99946851
[Analyze disable] /base/transformer/layer.5/attention/out_lin/Add_output_0
  mean_mse=0.00082558, mean_cos=0.99946851
[Analyze disable] /base/transformer/layer.5/Add_output_0
  mean_mse=0.00082558, mean_cos=0.99946851
[Analyze disable] /base/transformer/layer.5/sa_layer_norm/LayerNormalization_output_0
  mean_mse=0.00082558, mean_cos=0.99946852
[Analyze disable] /base/transformer/layer.5/ffn/lin1/MatMul_output_0
  mean_mse=0.00082559, mean_cos=0.99946851
[Analyze disable] base.transformer.layer.5.ffn.lin1.bias
  mean_mse=0.00082559, mean_cos=0.99946851
[Analyze disable] /base/transformer/layer.5/ffn/lin1/Add_output_0
  mean_mse=0.00082560, mean_cos=0.99946850
[Analyze disable] /base/transformer/layer.5/ffn/activation/Constant_output_0
  mean_mse=0.00082559, mean_cos=0.99946851
[Analyze disable] /base/transformer/layer.5/ffn/activation/Div_output_0
  mean_mse=0.00082561, mean_cos=0.99946849
[Analyze disable] /base/transformer/layer.5/ffn/activation/Erf_output_0
  mean_mse=0.00082561, mean_cos=0.99946850
[Analyze disable] /base/transformer/layer.5/ffn/activation/Constant_1_output_0
  mean_mse=0.00082559, mean_cos=0.99946851
[Analyze disable] /base/transformer/layer.5/ffn/activation/Add_output_0
  mean_mse=0.00082561, mean_cos=0.99946849
[Analyze disable] /base/transformer/layer.5/ffn/activation/Mul_output_0
  mean_mse=0.00082559, mean_cos=0.99946850
[Analyze disable] /base/transformer/layer.5/ffn/activation/Constant_2_output_0
  mean_mse=0.00082559, mean_cos=0.99946851
[Analyze disable] /base/transformer/layer.5/ffn/activation/Mul_1_output_0
  mean_mse=0.00082559, mean_cos=0.99946851
[Analyze disable] /base/transformer/layer.5/ffn/lin2/MatMul_output_0
  mean_mse=0.00082559, mean_cos=0.99946851
[Analyze disable] base.transformer.layer.5.ffn.lin2.bias
  mean_mse=0.00082559, mean_cos=0.99946851
[Analyze disable] /base/transformer/layer.5/ffn/lin2/Add_output_0
  mean_mse=0.00082559, mean_cos=0.99946851
[Analyze disable] /base/transformer/layer.5/Add_1_output_0
  mean_mse=0.00082559, mean_cos=0.99946851
[Analyze disable] last_hidden_state
  mean_mse=0.00082558, mean_cos=0.99946851
[Analyze disable] mask_f
  mean_mse=0.00082559, mean_cos=0.99946851
[Analyze disable] masked_seq
  mean_mse=0.00082559, mean_cos=0.99946851
[Analyze disable] sum_seq
  mean_mse=0.00082559, mean_cos=0.99946851
[Analyze disable] sum_mask
  mean_mse=0.00082559, mean_cos=0.99946851
[Analyze disable] eps_f
  mean_mse=0.00082559, mean_cos=0.99946851
[Analyze disable] denom
  mean_mse=0.00082559, mean_cos=0.99946851
[Analyze disable] pooled_output
  mean_mse=0.00082559, mean_cos=0.99946851
Saved: ./layerwise_sensitivity_results/disable_analysis.csv

[Top sensitive ops by disable-analysis]
onnx::MatMul_699                                                                 MSE=0.00070194 COS=0.99954810
onnx::MatMul_686                                                                 MSE=0.00071350 COS=0.99954067
onnx::MatMul_689                                                                 MSE=0.00074372 COS=0.99952122
onnx::MatMul_712                                                                 MSE=0.00075240 COS=0.99951566
onnx::MatMul_676                                                                 MSE=0.00075767 COS=0.99951223
onnx::MatMul_673                                                                 MSE=0.00076202 COS=0.99950943
onnx::MatMul_663                                                                 MSE=0.00077454 COS=0.99950136
onnx::MatMul_664                                                                 MSE=0.00079779 COS=0.99948641
onnx::MatMul_702                                                                 MSE=0.00080092 COS=0.99948436
onnx::MatMul_651                                                                 MSE=0.00080148 COS=0.99948404
onnx::MatMul_714                                                                 MSE=0.00080276 COS=0.99948321
onnx::MatMul_677                                                                 MSE=0.00080597 COS=0.99948113
base.transformer.layer.3.sa_layer_norm.weight                                    MSE=0.00080738 COS=0.99948024
onnx::MatMul_690                                                                 MSE=0.00080810 COS=0.99947977
onnx::MatMul_650                                                                 MSE=0.00080898 COS=0.99947920
onnx::MatMul_716                                                                 MSE=0.00081071 COS=0.99947810
onnx::MatMul_715                                                                 MSE=0.00081083 COS=0.99947799
onnx::MatMul_660                                                                 MSE=0.00081315 COS=0.99947651
onnx::MatMul_704                                                                 MSE=0.00081716 COS=0.99947393
onnx::MatMul_662                                                                 MSE=0.00081770 COS=0.99947359
base.transformer.layer.4.sa_layer_norm.weight                                    MSE=0.00081784 COS=0.99947349
onnx::MatMul_703                                                                 MSE=0.00081804 COS=0.99947337
base.transformer.layer.4.output_layer_norm.weight                                MSE=0.00081936 COS=0.99947253
onnx::MatMul_688                                                                 MSE=0.00082012 COS=0.99947203
onnx::MatMul_685                                                                 MSE=0.00082028 COS=0.99947193
onnx::MatMul_711                                                                 MSE=0.00082034 COS=0.99947189
base.transformer.layer.2.output_layer_norm.weight                                MSE=0.00082074 COS=0.99947163
onnx::MatMul_675                                                                 MSE=0.00082097 COS=0.99947149
onnx::MatMul_665                                                                 MSE=0.00082119 COS=0.99947134
onnx::MatMul_672                                                                 MSE=0.00082242 COS=0.99947055
Exception ignored in: <function OrtInferenceSession.__del__ at 0x7df8799b4400>
Traceback (most recent call last):
  File "/root/AIMET_ENV/.venv/lib/python3.11/site-packages/aimet_onnx/utils.py", line 636, in __del__
AttributeError: 'NoneType' object has no attribute 'warning'
